[Sat, 1. Dec 2018 15:48:37 CST | ID 196825309692035072] Joe Strusz: !c tps
[Sat, 1. Dec 2018 15:48:38 CST | ID 196825309692035072] Joe Strusz: tps
[Sat, 1. Dec 2018 15:48:44 CST | ID 196825309692035072] Joe Strusz: whois
[Sat, 1. Dec 2018 15:48:46 CST | ID 196825309692035072] Joe Strusz: list
[Sat, 1. Dec 2018 15:48:49 CST | ID 196825309692035072] Joe Strusz: whois sys__op
[Sat, 1. Dec 2018 15:48:53 CST | ID 196825309692035072] Joe Strusz: cofh tps
[Sat, 1. Dec 2018 15:49:01 CST | ID 196825309692035072] Joe Strusz: tps
[Sat, 1. Dec 2018 15:49:04 CST | ID 196825309692035072] Joe Strusz: cofh tps
[Sat, 1. Dec 2018 15:49:09 CST | ID 196825309692035072] Joe Strusz: cofh tps
[Sat, 1. Dec 2018 15:49:12 CST | ID 196825309692035072] Joe Strusz: cofh tps
[Sat, 1. Dec 2018 15:49:25 CST | ID 196825309692035072] Joe Strusz: tps
[Sat, 1. Dec 2018 15:49:28 CST | ID 196825309692035072] Joe Strusz: tps
[Sat, 1. Dec 2018 15:49:29 CST | ID 196825309692035072] Joe Strusz: tps
[Sat, 1. Dec 2018 15:49:31 CST | ID 196825309692035072] Joe Strusz: tps
[Sat, 1. Dec 2018 15:49:34 CST | ID 196825309692035072] Joe Strusz: ls
[Sat, 1. Dec 2018 15:49:36 CST | ID 196825309692035072] Joe Strusz: clear
[Sat, 1. Dec 2018 15:49:36 CST | ID 196825309692035072] Joe Strusz: ls
[Sat, 1. Dec 2018 16:48:59 CST | ID 196825309692035072] Joe Strusz: tps
[Sat, 1. Dec 2018 16:49:09 CST | ID 196825309692035072] Joe Strusz: tps
[Sat, 1. Dec 2018 16:49:13 CST | ID 196825309692035072] Joe Strusz: tps
[Sat, 1. Dec 2018 16:49:16 CST | ID 196825309692035072] Joe Strusz: tps
